{
  "RSpec": {
    "coverage": {
      "/Users/devbook/Projects/Week10/GildedRose-Refactoring-Kata/spec/backstage_spec.rb": {
        "lines": [
          null,
          null,
          1,
          null,
          1,
          1,
          1,
          1,
          1,
          null,
          null,
          1,
          1,
          1,
          1,
          null,
          null,
          1,
          1,
          1,
          1,
          null,
          null,
          1,
          1,
          1,
          1,
          null,
          null,
          1,
          1,
          4,
          1,
          null,
          null
        ]
      },
      "/Users/devbook/Projects/Week10/GildedRose-Refactoring-Kata/lib/backstage.rb": {
        "lines": [
          null,
          null,
          1,
          1,
          null,
          1,
          1,
          null,
          1,
          7,
          1,
          6,
          1,
          5,
          4,
          null,
          1,
          null,
          7,
          7,
          null,
          null
        ]
      },
      "/Users/devbook/Projects/Week10/GildedRose-Refactoring-Kata/lib/item.rb": {
        "lines": [
          null,
          null,
          1,
          1,
          null,
          1,
          20,
          20,
          20,
          null,
          null,
          1,
          0,
          null,
          null
        ]
      },
      "/Users/devbook/Projects/Week10/GildedRose-Refactoring-Kata/lib/item_module.rb": {
        "lines": [
          1,
          1,
          56,
          null,
          null,
          1,
          58,
          58,
          null,
          null
        ]
      },
      "/Users/devbook/Projects/Week10/GildedRose-Refactoring-Kata/spec/brie_spec.rb": {
        "lines": [
          null,
          null,
          1,
          null,
          1,
          1,
          1,
          1,
          1,
          null,
          null,
          1,
          1,
          5,
          1,
          null,
          null,
          1,
          1,
          27,
          1,
          null,
          null
        ]
      },
      "/Users/devbook/Projects/Week10/GildedRose-Refactoring-Kata/lib/brie.rb": {
        "lines": [
          null,
          null,
          1,
          1,
          null,
          1,
          1,
          null,
          1,
          31,
          31,
          31,
          null,
          null
        ]
      },
      "/Users/devbook/Projects/Week10/GildedRose-Refactoring-Kata/spec/conjured_spec.rb": {
        "lines": [
          null,
          null,
          1,
          null,
          1,
          1,
          1,
          1,
          1,
          null,
          null,
          1,
          1,
          1,
          1,
          null,
          null,
          1,
          1,
          7,
          1,
          null,
          null
        ]
      },
      "/Users/devbook/Projects/Week10/GildedRose-Refactoring-Kata/lib/conjured.rb": {
        "lines": [
          null,
          null,
          1,
          1,
          null,
          1,
          1,
          null,
          1,
          8,
          8,
          8,
          null,
          null
        ]
      },
      "/Users/devbook/Projects/Week10/GildedRose-Refactoring-Kata/spec/gilded_rose_spec.rb": {
        "lines": [
          null,
          null,
          1,
          1,
          null,
          1,
          1,
          1,
          2,
          2,
          null,
          null,
          1,
          1,
          null,
          null,
          1,
          1,
          null,
          null,
          null
        ]
      },
      "/Users/devbook/Projects/Week10/GildedRose-Refactoring-Kata/lib/gilded_rose.rb": {
        "lines": [
          null,
          null,
          1,
          1,
          1,
          1,
          1,
          null,
          1,
          1,
          4,
          null,
          null,
          1,
          2,
          null,
          null,
          1,
          null,
          1,
          2,
          0,
          2,
          0,
          2,
          0,
          2,
          0,
          null,
          2,
          null,
          null,
          null
        ]
      },
      "/Users/devbook/Projects/Week10/GildedRose-Refactoring-Kata/lib/regular.rb": {
        "lines": [
          null,
          null,
          1,
          1,
          null,
          1,
          1,
          null,
          1,
          10,
          10,
          10,
          null,
          null
        ]
      },
      "/Users/devbook/Projects/Week10/GildedRose-Refactoring-Kata/lib/sulfuras.rb": {
        "lines": [
          null,
          null,
          1,
          1,
          null,
          1,
          1,
          null,
          1,
          2,
          null,
          null
        ]
      },
      "/Users/devbook/Projects/Week10/GildedRose-Refactoring-Kata/spec/regular_spec.rb": {
        "lines": [
          null,
          null,
          1,
          null,
          1,
          1,
          1,
          1,
          1,
          null,
          null,
          1,
          1,
          1,
          1,
          null,
          null,
          1,
          1,
          7,
          1,
          null,
          null
        ]
      },
      "/Users/devbook/Projects/Week10/GildedRose-Refactoring-Kata/spec/sulfuras_spec.rb": {
        "lines": [
          null,
          null,
          1,
          null,
          1,
          1,
          1,
          1,
          1,
          null,
          null,
          1,
          1,
          1,
          1,
          null,
          null
        ]
      }
    },
    "timestamp": 1594916807
  }
}
