{
  "RSpec": {
    "coverage": {
      "/Users/devbook/Projects/Week10/GildedRose-Refactoring-Kata/spec/gilded_rose_spec.rb": {
        "lines": [
          null,
          null,
          1,
          1,
          null,
          1,
          1,
          1,
          2,
          2,
          null,
          null,
          1,
          1,
          null,
          null,
          1,
          1,
          null,
          null,
          null,
          1,
          1,
          1,
          1,
          1,
          1,
          null,
          null,
          1,
          1,
          1,
          1,
          null,
          null,
          1,
          1,
          7,
          1,
          null,
          null,
          null,
          null,
          1,
          1,
          2,
          2,
          null,
          null,
          1,
          1,
          3,
          1,
          null,
          null,
          null,
          1,
          1,
          1,
          null,
          null,
          null,
          null,
          1,
          1,
          1,
          1,
          1,
          1,
          null,
          null,
          1,
          1,
          5,
          1,
          null,
          null,
          1,
          1,
          27,
          1,
          null,
          null,
          null,
          null,
          1,
          1,
          1,
          1,
          1,
          1,
          null,
          null,
          1,
          1,
          1,
          1,
          null,
          null,
          1,
          1,
          1,
          1,
          null,
          null,
          1,
          1,
          1,
          1,
          null,
          null,
          1,
          1,
          4,
          1,
          null,
          null,
          null,
          null,
          1,
          1,
          1,
          1,
          1,
          1,
          null,
          null,
          1,
          1,
          1,
          1,
          null,
          null,
          1,
          1,
          7,
          1,
          null,
          null,
          null,
          null
        ]
      },
      "/Users/devbook/Projects/Week10/GildedRose-Refactoring-Kata/lib/gilded_rose.rb": {
        "lines": [
          1,
          null,
          1,
          60,
          null,
          null,
          1,
          4,
          4,
          null,
          null,
          1,
          10,
          10,
          10,
          10,
          null,
          null,
          1,
          8,
          8,
          8,
          8,
          null,
          null,
          1,
          31,
          31,
          31,
          31,
          null,
          null,
          1,
          7,
          1,
          6,
          1,
          5,
          4,
          null,
          1,
          null,
          7,
          7,
          7,
          null,
          null,
          1,
          60,
          60,
          4,
          56,
          31,
          25,
          7,
          18,
          8,
          null,
          10,
          null,
          null,
          null,
          null,
          null,
          null,
          null,
          null,
          null,
          null,
          null,
          null,
          null,
          null,
          null,
          null,
          null,
          null,
          null,
          null,
          null,
          null,
          null,
          null,
          null,
          null,
          null,
          null,
          null,
          null,
          null,
          null,
          null,
          null,
          null,
          null,
          null,
          null,
          null,
          null,
          null,
          null,
          null,
          null,
          null,
          null,
          null,
          null,
          null,
          null,
          null,
          null,
          null,
          null,
          null,
          null
        ]
      },
      "/Users/devbook/Projects/Week10/GildedRose-Refactoring-Kata/lib/item.rb": {
        "lines": [
          null,
          null,
          1,
          1,
          null,
          1,
          18,
          18,
          18,
          null,
          null,
          1,
          0,
          null,
          null
        ]
      }
    },
    "timestamp": 1594892112
  }
}
